[0.681s] DEBUG:colcon:Command line arguments: ['/usr/bin/colcon', 'build', '--packages-select', 'advanced_perception']
[0.682s] DEBUG:colcon:Parsed command line arguments: Namespace(log_base=None, log_level=None, verb_name='build', build_base='build', install_base='install', merge_install=False, symlink_install=False, test_result_base=None, continue_on_error=False, executor='parallel', parallel_workers=8, event_handlers=None, ignore_user_meta=False, metas=['./colcon.meta'], base_paths=['.'], packages_ignore=None, packages_ignore_regex=None, paths=None, packages_up_to=None, packages_up_to_regex=None, packages_above=None, packages_above_and_dependencies=None, packages_above_depth=None, packages_select_by_dep=None, packages_skip_by_dep=None, packages_skip_up_to=None, packages_select_build_failed=False, packages_skip_build_finished=False, packages_select_test_failures=False, packages_skip_test_passed=False, packages_select=['advanced_perception'], packages_skip=None, packages_select_regex=None, packages_skip_regex=None, packages_start=None, packages_end=None, lookup_in_workspace=False, cargo_args=None, clean_build=False, cmake_args=None, cmake_target=None, cmake_target_skip_unavailable=False, cmake_clean_cache=False, cmake_clean_first=False, cmake_force_configure=False, ament_cmake_args=None, catkin_cmake_args=None, catkin_skip_building_tests=False, mixin_files=None, mixin=None, verb_parser=<colcon_mixin.mixin.mixin_argument.MixinArgumentDecorator object at 0x7fd175996a10>, verb_extension=<colcon_core.verb.build.BuildVerb object at 0x7fd175995ea0>, main=<bound method BuildVerb.main of <colcon_core.verb.build.BuildVerb object at 0x7fd175995ea0>>, mixin_verb=('build',))
[1.489s] Level 1:colcon.colcon_core.package_discovery:discover_packages(colcon_meta) check parameters
[1.489s] Level 1:colcon.colcon_core.package_discovery:discover_packages(recursive) check parameters
[1.490s] Level 1:colcon.colcon_core.package_discovery:discover_packages(ignore) check parameters
[1.490s] Level 1:colcon.colcon_core.package_discovery:discover_packages(path) check parameters
[1.490s] Level 1:colcon.colcon_core.package_discovery:discover_packages(colcon_meta) discover
[1.490s] Level 1:colcon.colcon_core.package_discovery:discover_packages(recursive) discover
[1.490s] INFO:colcon.colcon_core.package_discovery:Crawling recursively for packages in '/home/user/ros2_ws'
[1.490s] Level 1:colcon.colcon_core.package_identification:_identify(.) by extensions ['ignore', 'ignore_ament_install']
[1.490s] Level 1:colcon.colcon_core.package_identification:_identify(.) by extension 'ignore'
[1.490s] Level 1:colcon.colcon_core.package_identification:_identify(.) by extension 'ignore_ament_install'
[1.490s] Level 1:colcon.colcon_core.package_identification:_identify(.) by extensions ['colcon_pkg']
[1.491s] Level 1:colcon.colcon_core.package_identification:_identify(.) by extension 'colcon_pkg'
[1.491s] Level 1:colcon.colcon_core.package_identification:_identify(.) by extensions ['colcon_meta']
[1.491s] Level 1:colcon.colcon_core.package_identification:_identify(.) by extension 'colcon_meta'
[1.491s] Level 1:colcon.colcon_core.package_identification:_identify(.) by extensions ['ament_cargo']
[1.491s] Level 1:colcon.colcon_core.package_identification:_identify(.) by extension 'ament_cargo'
[1.491s] Level 1:colcon.colcon_core.package_identification:_identify(.) by extensions ['ros']
[1.491s] Level 1:colcon.colcon_core.package_identification:_identify(.) by extension 'ros'
[1.589s] Level 1:colcon.colcon_core.package_identification:_identify(.) by extensions ['cargo', 'cmake', 'python']
[1.589s] Level 1:colcon.colcon_core.package_identification:_identify(.) by extension 'cargo'
[1.589s] Level 1:colcon.colcon_core.package_identification:_identify(.) by extension 'cmake'
[1.589s] Level 1:colcon.colcon_core.package_identification:_identify(.) by extension 'python'
[1.589s] Level 1:colcon.colcon_core.package_identification:_identify(.) by extensions ['python_setup_py']
[1.589s] Level 1:colcon.colcon_core.package_identification:_identify(.) by extension 'python_setup_py'
[1.589s] Level 1:colcon.colcon_core.package_identification:_identify(build) by extensions ['ignore', 'ignore_ament_install']
[1.590s] Level 1:colcon.colcon_core.package_identification:_identify(build) by extension 'ignore'
[1.590s] Level 1:colcon.colcon_core.package_identification:_identify(build) ignored
[1.590s] Level 1:colcon.colcon_core.package_identification:_identify(install) by extensions ['ignore', 'ignore_ament_install']
[1.590s] Level 1:colcon.colcon_core.package_identification:_identify(install) by extension 'ignore'
[1.590s] Level 1:colcon.colcon_core.package_identification:_identify(install) ignored
[1.590s] Level 1:colcon.colcon_core.package_identification:_identify(log) by extensions ['ignore', 'ignore_ament_install']
[1.590s] Level 1:colcon.colcon_core.package_identification:_identify(log) by extension 'ignore'
[1.590s] Level 1:colcon.colcon_core.package_identification:_identify(log) ignored
[1.590s] Level 1:colcon.colcon_core.package_identification:_identify(src) by extensions ['ignore', 'ignore_ament_install']
[1.590s] Level 1:colcon.colcon_core.package_identification:_identify(src) by extension 'ignore'
[1.590s] Level 1:colcon.colcon_core.package_identification:_identify(src) by extension 'ignore_ament_install'
[1.591s] Level 1:colcon.colcon_core.package_identification:_identify(src) by extensions ['colcon_pkg']
[1.591s] Level 1:colcon.colcon_core.package_identification:_identify(src) by extension 'colcon_pkg'
[1.591s] Level 1:colcon.colcon_core.package_identification:_identify(src) by extensions ['colcon_meta']
[1.591s] Level 1:colcon.colcon_core.package_identification:_identify(src) by extension 'colcon_meta'
[1.591s] Level 1:colcon.colcon_core.package_identification:_identify(src) by extensions ['ament_cargo']
[1.591s] Level 1:colcon.colcon_core.package_identification:_identify(src) by extension 'ament_cargo'
[1.591s] Level 1:colcon.colcon_core.package_identification:_identify(src) by extensions ['ros']
[1.591s] Level 1:colcon.colcon_core.package_identification:_identify(src) by extension 'ros'
[1.591s] Level 1:colcon.colcon_core.package_identification:_identify(src) by extensions ['cargo', 'cmake', 'python']
[1.591s] Level 1:colcon.colcon_core.package_identification:_identify(src) by extension 'cargo'
[1.591s] Level 1:colcon.colcon_core.package_identification:_identify(src) by extension 'cmake'
[1.591s] Level 1:colcon.colcon_core.package_identification:_identify(src) by extension 'python'
[1.591s] Level 1:colcon.colcon_core.package_identification:_identify(src) by extensions ['python_setup_py']
[1.591s] Level 1:colcon.colcon_core.package_identification:_identify(src) by extension 'python_setup_py'
[1.591s] Level 1:colcon.colcon_core.package_identification:_identify(src/advanced_perception) by extensions ['ignore', 'ignore_ament_install']
[1.591s] Level 1:colcon.colcon_core.package_identification:_identify(src/advanced_perception) by extension 'ignore'
[1.592s] Level 1:colcon.colcon_core.package_identification:_identify(src/advanced_perception) by extension 'ignore_ament_install'
[1.592s] Level 1:colcon.colcon_core.package_identification:_identify(src/advanced_perception) by extensions ['colcon_pkg']
[1.592s] Level 1:colcon.colcon_core.package_identification:_identify(src/advanced_perception) by extension 'colcon_pkg'
[1.592s] Level 1:colcon.colcon_core.package_identification:_identify(src/advanced_perception) by extensions ['colcon_meta']
[1.592s] Level 1:colcon.colcon_core.package_identification:_identify(src/advanced_perception) by extension 'colcon_meta'
[1.592s] Level 1:colcon.colcon_core.package_identification:_identify(src/advanced_perception) by extensions ['ament_cargo']
[1.592s] Level 1:colcon.colcon_core.package_identification:_identify(src/advanced_perception) by extension 'ament_cargo'
[1.592s] Level 1:colcon.colcon_core.package_identification:_identify(src/advanced_perception) by extensions ['ros']
[1.592s] Level 1:colcon.colcon_core.package_identification:_identify(src/advanced_perception) by extension 'ros'
[1.675s] DEBUG:colcon.colcon_core.package_identification:Package 'src/advanced_perception' with type 'ros.ament_python' and name 'advanced_perception'
[1.676s] Level 1:colcon.colcon_core.package_identification:_identify(src/custom_msgs) by extensions ['ignore', 'ignore_ament_install']
[1.676s] Level 1:colcon.colcon_core.package_identification:_identify(src/custom_msgs) by extension 'ignore'
[1.676s] Level 1:colcon.colcon_core.package_identification:_identify(src/custom_msgs) by extension 'ignore_ament_install'
[1.676s] Level 1:colcon.colcon_core.package_identification:_identify(src/custom_msgs) by extensions ['colcon_pkg']
[1.676s] Level 1:colcon.colcon_core.package_identification:_identify(src/custom_msgs) by extension 'colcon_pkg'
[1.676s] Level 1:colcon.colcon_core.package_identification:_identify(src/custom_msgs) by extensions ['colcon_meta']
[1.676s] Level 1:colcon.colcon_core.package_identification:_identify(src/custom_msgs) by extension 'colcon_meta'
[1.676s] Level 1:colcon.colcon_core.package_identification:_identify(src/custom_msgs) by extensions ['ament_cargo']
[1.676s] Level 1:colcon.colcon_core.package_identification:_identify(src/custom_msgs) by extension 'ament_cargo'
[1.676s] Level 1:colcon.colcon_core.package_identification:_identify(src/custom_msgs) by extensions ['ros']
[1.676s] Level 1:colcon.colcon_core.package_identification:_identify(src/custom_msgs) by extension 'ros'
[1.678s] DEBUG:colcon.colcon_core.package_identification:Package 'src/custom_msgs' with type 'ros.ament_cmake' and name 'custom_msgs'
[1.678s] Level 1:colcon.colcon_core.package_identification:_identify(src/deepmind_bot) by extensions ['ignore', 'ignore_ament_install']
[1.678s] Level 1:colcon.colcon_core.package_identification:_identify(src/deepmind_bot) by extension 'ignore'
[1.678s] Level 1:colcon.colcon_core.package_identification:_identify(src/deepmind_bot) by extension 'ignore_ament_install'
[1.678s] Level 1:colcon.colcon_core.package_identification:_identify(src/deepmind_bot) by extensions ['colcon_pkg']
[1.678s] Level 1:colcon.colcon_core.package_identification:_identify(src/deepmind_bot) by extension 'colcon_pkg'
[1.678s] Level 1:colcon.colcon_core.package_identification:_identify(src/deepmind_bot) by extensions ['colcon_meta']
[1.678s] Level 1:colcon.colcon_core.package_identification:_identify(src/deepmind_bot) by extension 'colcon_meta'
[1.678s] Level 1:colcon.colcon_core.package_identification:_identify(src/deepmind_bot) by extensions ['ament_cargo']
[1.678s] Level 1:colcon.colcon_core.package_identification:_identify(src/deepmind_bot) by extension 'ament_cargo'
[1.678s] Level 1:colcon.colcon_core.package_identification:_identify(src/deepmind_bot) by extensions ['ros']
[1.679s] Level 1:colcon.colcon_core.package_identification:_identify(src/deepmind_bot) by extension 'ros'
[1.679s] Level 1:colcon.colcon_core.package_identification:_identify(src/deepmind_bot) by extensions ['cargo', 'cmake', 'python']
[1.679s] Level 1:colcon.colcon_core.package_identification:_identify(src/deepmind_bot) by extension 'cargo'
[1.679s] Level 1:colcon.colcon_core.package_identification:_identify(src/deepmind_bot) by extension 'cmake'
[1.679s] Level 1:colcon.colcon_core.package_identification:_identify(src/deepmind_bot) by extension 'python'
[1.679s] Level 1:colcon.colcon_core.package_identification:_identify(src/deepmind_bot) by extensions ['python_setup_py']
[1.679s] Level 1:colcon.colcon_core.package_identification:_identify(src/deepmind_bot) by extension 'python_setup_py'
[1.679s] Level 1:colcon.colcon_core.package_identification:_identify(src/deepmind_bot/deepmind_bot_description) by extensions ['ignore', 'ignore_ament_install']
[1.679s] Level 1:colcon.colcon_core.package_identification:_identify(src/deepmind_bot/deepmind_bot_description) by extension 'ignore'
[1.679s] Level 1:colcon.colcon_core.package_identification:_identify(src/deepmind_bot/deepmind_bot_description) by extension 'ignore_ament_install'
[1.679s] Level 1:colcon.colcon_core.package_identification:_identify(src/deepmind_bot/deepmind_bot_description) by extensions ['colcon_pkg']
[1.680s] Level 1:colcon.colcon_core.package_identification:_identify(src/deepmind_bot/deepmind_bot_description) by extension 'colcon_pkg'
[1.680s] Level 1:colcon.colcon_core.package_identification:_identify(src/deepmind_bot/deepmind_bot_description) by extensions ['colcon_meta']
[1.680s] Level 1:colcon.colcon_core.package_identification:_identify(src/deepmind_bot/deepmind_bot_description) by extension 'colcon_meta'
[1.680s] Level 1:colcon.colcon_core.package_identification:_identify(src/deepmind_bot/deepmind_bot_description) by extensions ['ament_cargo']
[1.680s] Level 1:colcon.colcon_core.package_identification:_identify(src/deepmind_bot/deepmind_bot_description) by extension 'ament_cargo'
[1.680s] Level 1:colcon.colcon_core.package_identification:_identify(src/deepmind_bot/deepmind_bot_description) by extensions ['ros']
[1.680s] Level 1:colcon.colcon_core.package_identification:_identify(src/deepmind_bot/deepmind_bot_description) by extension 'ros'
[1.681s] DEBUG:colcon.colcon_core.package_identification:Package 'src/deepmind_bot/deepmind_bot_description' with type 'ros.ament_cmake' and name 'deepmind_bot_description'
[1.681s] Level 1:colcon.colcon_core.package_identification:_identify(src/deepmind_bot/deepmind_bot_gazebo) by extensions ['ignore', 'ignore_ament_install']
[1.681s] Level 1:colcon.colcon_core.package_identification:_identify(src/deepmind_bot/deepmind_bot_gazebo) by extension 'ignore'
[1.681s] Level 1:colcon.colcon_core.package_identification:_identify(src/deepmind_bot/deepmind_bot_gazebo) by extension 'ignore_ament_install'
[1.682s] Level 1:colcon.colcon_core.package_identification:_identify(src/deepmind_bot/deepmind_bot_gazebo) by extensions ['colcon_pkg']
[1.682s] Level 1:colcon.colcon_core.package_identification:_identify(src/deepmind_bot/deepmind_bot_gazebo) by extension 'colcon_pkg'
[1.682s] Level 1:colcon.colcon_core.package_identification:_identify(src/deepmind_bot/deepmind_bot_gazebo) by extensions ['colcon_meta']
[1.682s] Level 1:colcon.colcon_core.package_identification:_identify(src/deepmind_bot/deepmind_bot_gazebo) by extension 'colcon_meta'
[1.682s] Level 1:colcon.colcon_core.package_identification:_identify(src/deepmind_bot/deepmind_bot_gazebo) by extensions ['ament_cargo']
[1.682s] Level 1:colcon.colcon_core.package_identification:_identify(src/deepmind_bot/deepmind_bot_gazebo) by extension 'ament_cargo'
[1.682s] Level 1:colcon.colcon_core.package_identification:_identify(src/deepmind_bot/deepmind_bot_gazebo) by extensions ['ros']
[1.682s] Level 1:colcon.colcon_core.package_identification:_identify(src/deepmind_bot/deepmind_bot_gazebo) by extension 'ros'
[1.683s] DEBUG:colcon.colcon_core.package_identification:Package 'src/deepmind_bot/deepmind_bot_gazebo' with type 'ros.ament_cmake' and name 'deepmind_bot_gazebo'
[1.683s] Level 1:colcon.colcon_core.package_identification:_identify(src/deepmind_bot/deepmind_bot_navigation) by extensions ['ignore', 'ignore_ament_install']
[1.683s] Level 1:colcon.colcon_core.package_identification:_identify(src/deepmind_bot/deepmind_bot_navigation) by extension 'ignore'
[1.683s] Level 1:colcon.colcon_core.package_identification:_identify(src/deepmind_bot/deepmind_bot_navigation) by extension 'ignore_ament_install'
[1.683s] Level 1:colcon.colcon_core.package_identification:_identify(src/deepmind_bot/deepmind_bot_navigation) by extensions ['colcon_pkg']
[1.683s] Level 1:colcon.colcon_core.package_identification:_identify(src/deepmind_bot/deepmind_bot_navigation) by extension 'colcon_pkg'
[1.683s] Level 1:colcon.colcon_core.package_identification:_identify(src/deepmind_bot/deepmind_bot_navigation) by extensions ['colcon_meta']
[1.683s] Level 1:colcon.colcon_core.package_identification:_identify(src/deepmind_bot/deepmind_bot_navigation) by extension 'colcon_meta'
[1.684s] Level 1:colcon.colcon_core.package_identification:_identify(src/deepmind_bot/deepmind_bot_navigation) by extensions ['ament_cargo']
[1.684s] Level 1:colcon.colcon_core.package_identification:_identify(src/deepmind_bot/deepmind_bot_navigation) by extension 'ament_cargo'
[1.684s] Level 1:colcon.colcon_core.package_identification:_identify(src/deepmind_bot/deepmind_bot_navigation) by extensions ['ros']
[1.684s] Level 1:colcon.colcon_core.package_identification:_identify(src/deepmind_bot/deepmind_bot_navigation) by extension 'ros'
[1.684s] DEBUG:colcon.colcon_core.package_identification:Package 'src/deepmind_bot/deepmind_bot_navigation' with type 'ros.ament_cmake' and name 'deepmind_bot_navigation'
[1.685s] Level 1:colcon.colcon_core.package_identification:_identify(src/deepmind_bot/deepmind_bot_trajectory_sender) by extensions ['ignore', 'ignore_ament_install']
[1.685s] Level 1:colcon.colcon_core.package_identification:_identify(src/deepmind_bot/deepmind_bot_trajectory_sender) by extension 'ignore'
[1.685s] Level 1:colcon.colcon_core.package_identification:_identify(src/deepmind_bot/deepmind_bot_trajectory_sender) by extension 'ignore_ament_install'
[1.685s] Level 1:colcon.colcon_core.package_identification:_identify(src/deepmind_bot/deepmind_bot_trajectory_sender) by extensions ['colcon_pkg']
[1.685s] Level 1:colcon.colcon_core.package_identification:_identify(src/deepmind_bot/deepmind_bot_trajectory_sender) by extension 'colcon_pkg'
[1.685s] Level 1:colcon.colcon_core.package_identification:_identify(src/deepmind_bot/deepmind_bot_trajectory_sender) by extensions ['colcon_meta']
[1.685s] Level 1:colcon.colcon_core.package_identification:_identify(src/deepmind_bot/deepmind_bot_trajectory_sender) by extension 'colcon_meta'
[1.685s] Level 1:colcon.colcon_core.package_identification:_identify(src/deepmind_bot/deepmind_bot_trajectory_sender) by extensions ['ament_cargo']
[1.685s] Level 1:colcon.colcon_core.package_identification:_identify(src/deepmind_bot/deepmind_bot_trajectory_sender) by extension 'ament_cargo'
[1.685s] Level 1:colcon.colcon_core.package_identification:_identify(src/deepmind_bot/deepmind_bot_trajectory_sender) by extensions ['ros']
[1.685s] Level 1:colcon.colcon_core.package_identification:_identify(src/deepmind_bot/deepmind_bot_trajectory_sender) by extension 'ros'
[1.686s] DEBUG:colcon.colcon_core.package_identification:Package 'src/deepmind_bot/deepmind_bot_trajectory_sender' with type 'ros.ament_cmake' and name 'deepmind_bot_trajectory_sender'
[1.686s] Level 1:colcon.colcon_core.package_identification:_identify(src/deepmind_bot/scripts) by extensions ['ignore', 'ignore_ament_install']
[1.686s] Level 1:colcon.colcon_core.package_identification:_identify(src/deepmind_bot/scripts) by extension 'ignore'
[1.686s] Level 1:colcon.colcon_core.package_identification:_identify(src/deepmind_bot/scripts) by extension 'ignore_ament_install'
[1.686s] Level 1:colcon.colcon_core.package_identification:_identify(src/deepmind_bot/scripts) by extensions ['colcon_pkg']
[1.686s] Level 1:colcon.colcon_core.package_identification:_identify(src/deepmind_bot/scripts) by extension 'colcon_pkg'
[1.686s] Level 1:colcon.colcon_core.package_identification:_identify(src/deepmind_bot/scripts) by extensions ['colcon_meta']
[1.687s] Level 1:colcon.colcon_core.package_identification:_identify(src/deepmind_bot/scripts) by extension 'colcon_meta'
[1.687s] Level 1:colcon.colcon_core.package_identification:_identify(src/deepmind_bot/scripts) by extensions ['ament_cargo']
[1.687s] Level 1:colcon.colcon_core.package_identification:_identify(src/deepmind_bot/scripts) by extension 'ament_cargo'
[1.687s] Level 1:colcon.colcon_core.package_identification:_identify(src/deepmind_bot/scripts) by extensions ['ros']
[1.687s] Level 1:colcon.colcon_core.package_identification:_identify(src/deepmind_bot/scripts) by extension 'ros'
[1.687s] Level 1:colcon.colcon_core.package_identification:_identify(src/deepmind_bot/scripts) by extensions ['cargo', 'cmake', 'python']
[1.687s] Level 1:colcon.colcon_core.package_identification:_identify(src/deepmind_bot/scripts) by extension 'cargo'
[1.687s] Level 1:colcon.colcon_core.package_identification:_identify(src/deepmind_bot/scripts) by extension 'cmake'
[1.687s] Level 1:colcon.colcon_core.package_identification:_identify(src/deepmind_bot/scripts) by extension 'python'
[1.687s] Level 1:colcon.colcon_core.package_identification:_identify(src/deepmind_bot/scripts) by extensions ['python_setup_py']
[1.687s] Level 1:colcon.colcon_core.package_identification:_identify(src/deepmind_bot/scripts) by extension 'python_setup_py'
[1.687s] Level 1:colcon.colcon_core.package_discovery:discover_packages(recursive) using defaults
[1.687s] Level 1:colcon.colcon_core.package_discovery:discover_packages(ignore) discover
[1.687s] Level 1:colcon.colcon_core.package_discovery:discover_packages(ignore) using defaults
[1.687s] Level 1:colcon.colcon_core.package_discovery:discover_packages(path) discover
[1.687s] Level 1:colcon.colcon_core.package_discovery:discover_packages(path) using defaults
[1.785s] INFO:colcon.colcon_core.package_selection:Skipping not selected package 'custom_msgs' in 'src/custom_msgs'
[1.785s] INFO:colcon.colcon_core.package_selection:Skipping not selected package 'deepmind_bot_description' in 'src/deepmind_bot/deepmind_bot_description'
[1.785s] INFO:colcon.colcon_core.package_selection:Skipping not selected package 'deepmind_bot_gazebo' in 'src/deepmind_bot/deepmind_bot_gazebo'
[1.785s] INFO:colcon.colcon_core.package_selection:Skipping not selected package 'deepmind_bot_navigation' in 'src/deepmind_bot/deepmind_bot_navigation'
[1.785s] INFO:colcon.colcon_core.package_selection:Skipping not selected package 'deepmind_bot_trajectory_sender' in 'src/deepmind_bot/deepmind_bot_trajectory_sender'
[1.787s] Level 5:colcon.colcon_core.verb:set package 'advanced_perception' build argument 'lookup_in_workspace' from command line to 'False'
[1.787s] Level 5:colcon.colcon_core.verb:set package 'advanced_perception' build argument 'cargo_args' from command line to 'None'
[1.787s] Level 5:colcon.colcon_core.verb:set package 'advanced_perception' build argument 'clean_build' from command line to 'False'
[1.787s] Level 5:colcon.colcon_core.verb:set package 'advanced_perception' build argument 'cmake_args' from command line to 'None'
[1.787s] Level 5:colcon.colcon_core.verb:set package 'advanced_perception' build argument 'cmake_target' from command line to 'None'
[1.787s] Level 5:colcon.colcon_core.verb:set package 'advanced_perception' build argument 'cmake_target_skip_unavailable' from command line to 'False'
[1.787s] Level 5:colcon.colcon_core.verb:set package 'advanced_perception' build argument 'cmake_clean_cache' from command line to 'False'
[1.787s] Level 5:colcon.colcon_core.verb:set package 'advanced_perception' build argument 'cmake_clean_first' from command line to 'False'
[1.787s] Level 5:colcon.colcon_core.verb:set package 'advanced_perception' build argument 'cmake_force_configure' from command line to 'False'
[1.787s] Level 5:colcon.colcon_core.verb:set package 'advanced_perception' build argument 'ament_cmake_args' from command line to 'None'
[1.787s] Level 5:colcon.colcon_core.verb:set package 'advanced_perception' build argument 'catkin_cmake_args' from command line to 'None'
[1.787s] Level 5:colcon.colcon_core.verb:set package 'advanced_perception' build argument 'catkin_skip_building_tests' from command line to 'False'
[1.787s] DEBUG:colcon.colcon_core.verb:Building package 'advanced_perception' with the following arguments: {'ament_cmake_args': None, 'build_base': '/home/user/ros2_ws/build/advanced_perception', 'cargo_args': None, 'catkin_cmake_args': None, 'catkin_skip_building_tests': False, 'clean_build': False, 'cmake_args': None, 'cmake_clean_cache': False, 'cmake_clean_first': False, 'cmake_force_configure': False, 'cmake_target': None, 'cmake_target_skip_unavailable': False, 'install_base': '/home/user/ros2_ws/install/advanced_perception', 'lookup_in_workspace': False, 'merge_install': False, 'path': '/home/user/ros2_ws/src/advanced_perception', 'symlink_install': False, 'test_result_base': None}
[1.788s] INFO:colcon.colcon_core.executor:Executing jobs using 'parallel' executor
[1.791s] DEBUG:colcon.colcon_parallel_executor.executor.parallel:run_until_complete
[1.791s] INFO:colcon.colcon_ros.task.ament_python.build:Building ROS package in '/home/user/ros2_ws/src/advanced_perception' with build type 'ament_python'
[1.791s] Level 1:colcon.colcon_core.shell:create_environment_hook('advanced_perception', 'ament_prefix_path')
[1.795s] INFO:colcon.colcon_core.plugin_system:Skipping extension 'colcon_core.shell.bat': Not used on non-Windows systems
[1.795s] INFO:colcon.colcon_core.shell:Creating environment hook '/home/user/ros2_ws/install/advanced_perception/share/advanced_perception/hook/ament_prefix_path.ps1'
[1.796s] INFO:colcon.colcon_core.shell:Creating environment descriptor '/home/user/ros2_ws/install/advanced_perception/share/advanced_perception/hook/ament_prefix_path.dsv'
[1.797s] INFO:colcon.colcon_core.shell:Creating environment hook '/home/user/ros2_ws/install/advanced_perception/share/advanced_perception/hook/ament_prefix_path.sh'
[1.798s] INFO:colcon.colcon_core.shell:Skip shell extension 'powershell' for command environment: Not usable outside of PowerShell
[1.798s] DEBUG:colcon.colcon_core.shell:Skip shell extension 'dsv' for command environment
[3.286s] INFO:colcon.colcon_core.task.python.build:Building Python package in '/home/user/ros2_ws/src/advanced_perception'
[3.287s] INFO:colcon.colcon_core.shell:Skip shell extension 'powershell' for command environment: Not usable outside of PowerShell
[3.287s] DEBUG:colcon.colcon_core.shell:Skip shell extension 'dsv' for command environment
[5.193s] DEBUG:colcon.colcon_core.event_handler.log_command:Invoking command in '/home/user/ros2_ws/src/advanced_perception': PYTHONPATH=/home/user/ros2_ws/build/advanced_perception/prefix_override:/home/user/ros2_ws/install/advanced_perception/lib/python3.10/site-packages:${PYTHONPATH} _=/usr/bin/env /usr/bin/python3 -W ignore:setup.py install is deprecated setup.py egg_info --egg-base ../../build/advanced_perception build --build-base /home/user/ros2_ws/build/advanced_perception/build install --record /home/user/ros2_ws/build/advanced_perception/install.log --single-version-externally-managed install_data
[6.879s] Level 1:colcon.colcon_core.environment:checking '/home/user/ros2_ws/install/advanced_perception' for CMake module files
[6.880s] DEBUG:colcon.colcon_core.event_handler.log_command:Invoked command in '/home/user/ros2_ws/src/advanced_perception' returned '0': PYTHONPATH=/home/user/ros2_ws/build/advanced_perception/prefix_override:/home/user/ros2_ws/install/advanced_perception/lib/python3.10/site-packages:${PYTHONPATH} _=/usr/bin/env /usr/bin/python3 -W ignore:setup.py install is deprecated setup.py egg_info --egg-base ../../build/advanced_perception build --build-base /home/user/ros2_ws/build/advanced_perception/build install --record /home/user/ros2_ws/build/advanced_perception/install.log --single-version-externally-managed install_data
[6.881s] Level 1:colcon.colcon_core.environment:checking '/home/user/ros2_ws/install/advanced_perception' for CMake config files
[6.883s] Level 1:colcon.colcon_core.environment:checking '/home/user/ros2_ws/install/advanced_perception/lib'
[6.884s] Level 1:colcon.colcon_core.environment:checking '/home/user/ros2_ws/install/advanced_perception/bin'
[6.884s] Level 1:colcon.colcon_core.environment:checking '/home/user/ros2_ws/install/advanced_perception/lib/pkgconfig/advanced_perception.pc'
[6.884s] Level 1:colcon.colcon_core.environment:checking '/home/user/ros2_ws/install/advanced_perception/lib/python3.10/site-packages'
[6.884s] Level 1:colcon.colcon_core.shell:create_environment_hook('advanced_perception', 'pythonpath')
[6.885s] INFO:colcon.colcon_core.shell:Creating environment hook '/home/user/ros2_ws/install/advanced_perception/share/advanced_perception/hook/pythonpath.ps1'
[6.885s] INFO:colcon.colcon_core.shell:Creating environment descriptor '/home/user/ros2_ws/install/advanced_perception/share/advanced_perception/hook/pythonpath.dsv'
[6.886s] INFO:colcon.colcon_core.shell:Creating environment hook '/home/user/ros2_ws/install/advanced_perception/share/advanced_perception/hook/pythonpath.sh'
[6.887s] Level 1:colcon.colcon_core.environment:checking '/home/user/ros2_ws/install/advanced_perception/bin'
[6.887s] Level 1:colcon.colcon_core.environment:create_environment_scripts_only(advanced_perception)
[6.888s] INFO:colcon.colcon_core.shell:Creating package script '/home/user/ros2_ws/install/advanced_perception/share/advanced_perception/package.ps1'
[6.889s] INFO:colcon.colcon_core.shell:Creating package descriptor '/home/user/ros2_ws/install/advanced_perception/share/advanced_perception/package.dsv'
[6.890s] INFO:colcon.colcon_core.shell:Creating package script '/home/user/ros2_ws/install/advanced_perception/share/advanced_perception/package.sh'
[6.891s] INFO:colcon.colcon_core.shell:Creating package script '/home/user/ros2_ws/install/advanced_perception/share/advanced_perception/package.bash'
[6.892s] INFO:colcon.colcon_core.shell:Creating package script '/home/user/ros2_ws/install/advanced_perception/share/advanced_perception/package.zsh'
[6.894s] Level 1:colcon.colcon_core.environment:create_file_with_runtime_dependencies(/home/user/ros2_ws/install/advanced_perception/share/colcon-core/packages/advanced_perception)
[6.894s] DEBUG:colcon.colcon_parallel_executor.executor.parallel:closing loop
[6.895s] DEBUG:colcon.colcon_parallel_executor.executor.parallel:loop closed
[6.895s] DEBUG:colcon.colcon_parallel_executor.executor.parallel:run_until_complete finished with '0'
[6.895s] DEBUG:colcon.colcon_core.event_reactor:joining thread
[6.909s] INFO:colcon.colcon_core.plugin_system:Skipping extension 'colcon_notification.desktop_notification.notify_send': Could not find 'notify-send'
[6.909s] INFO:colcon.colcon_core.plugin_system:Skipping extension 'colcon_notification.desktop_notification.terminal_notifier': Not used on non-Darwin systems
[6.909s] INFO:colcon.colcon_core.plugin_system:Skipping extension 'colcon_notification.desktop_notification.win32': Not used on non-Windows systems
[6.909s] INFO:colcon.colcon_notification.desktop_notification:Sending desktop notification using 'notify2'
[6.976s] DEBUG:colcon.colcon_notification.desktop_notification.notify2:Failed to initialize notify2: org.freedesktop.DBus.Error.Spawn.ExecFailed: /usr/bin/dbus-launch terminated abnormally without any error message
[6.977s] DEBUG:colcon.colcon_core.event_reactor:joined thread
[6.977s] INFO:colcon.colcon_core.shell:Creating prefix script '/home/user/ros2_ws/install/local_setup.ps1'
[6.979s] INFO:colcon.colcon_core.shell:Creating prefix util module '/home/user/ros2_ws/install/_local_setup_util_ps1.py'
[6.981s] INFO:colcon.colcon_core.shell:Creating prefix chain script '/home/user/ros2_ws/install/setup.ps1'
[6.986s] INFO:colcon.colcon_core.shell:Creating prefix script '/home/user/ros2_ws/install/local_setup.sh'
[6.987s] INFO:colcon.colcon_core.shell:Creating prefix util module '/home/user/ros2_ws/install/_local_setup_util_sh.py'
[6.988s] INFO:colcon.colcon_core.shell:Creating prefix chain script '/home/user/ros2_ws/install/setup.sh'
[6.992s] INFO:colcon.colcon_core.shell:Creating prefix script '/home/user/ros2_ws/install/local_setup.bash'
[6.993s] INFO:colcon.colcon_core.shell:Creating prefix chain script '/home/user/ros2_ws/install/setup.bash'
[6.997s] INFO:colcon.colcon_core.shell:Creating prefix script '/home/user/ros2_ws/install/local_setup.zsh'
[6.998s] INFO:colcon.colcon_core.shell:Creating prefix chain script '/home/user/ros2_ws/install/setup.zsh'
