[0.824s] Invoking command in '/home/user/ros2_ws/src/advanced_perception': PYTHONPATH=/home/user/ros2_ws/build/advanced_perception/prefix_override:/home/user/ros2_ws/install/advanced_perception/lib/python3.10/site-packages:${PYTHONPATH} _=/usr/bin/env /usr/bin/python3 -W ignore:setup.py install is deprecated setup.py egg_info --egg-base ../../build/advanced_perception build --build-base /home/user/ros2_ws/build/advanced_perception/build install --record /home/user/ros2_ws/build/advanced_perception/install.log --single-version-externally-managed install_data
[1.115s] running egg_info
[1.115s] writing ../../build/advanced_perception/advanced_perception.egg-info/PKG-INFO
[1.117s] writing dependency_links to ../../build/advanced_perception/advanced_perception.egg-info/dependency_links.txt
[1.120s] writing entry points to ../../build/advanced_perception/advanced_perception.egg-info/entry_points.txt
[1.124s] writing requirements to ../../build/advanced_perception/advanced_perception.egg-info/requires.txt
[1.126s] writing top-level names to ../../build/advanced_perception/advanced_perception.egg-info/top_level.txt
[1.129s] reading manifest file '../../build/advanced_perception/advanced_perception.egg-info/SOURCES.txt'
[1.130s] writing manifest file '../../build/advanced_perception/advanced_perception.egg-info/SOURCES.txt'
[1.131s] running build
[1.131s] running build_py
[1.131s] running install
[1.131s] running install_lib
[1.133s] running install_data
[1.133s] running install_egg_info
[1.136s] removing '/home/user/ros2_ws/install/advanced_perception/lib/python3.10/site-packages/advanced_perception-0.0.0-py3.10.egg-info' (and everything under it)
[1.136s] Copying ../../build/advanced_perception/advanced_perception.egg-info to /home/user/ros2_ws/install/advanced_perception/lib/python3.10/site-packages/advanced_perception-0.0.0-py3.10.egg-info
[1.136s] running install_scripts
[1.160s] Installing yolo_pose_estimation_node script to /home/user/ros2_ws/install/advanced_perception/lib/advanced_perception
[1.162s] writing list of installed files to '/home/user/ros2_ws/build/advanced_perception/install.log'
[1.188s] Invoked command in '/home/user/ros2_ws/src/advanced_perception' returned '0': PYTHONPATH=/home/user/ros2_ws/build/advanced_perception/prefix_override:/home/user/ros2_ws/install/advanced_perception/lib/python3.10/site-packages:${PYTHONPATH} _=/usr/bin/env /usr/bin/python3 -W ignore:setup.py install is deprecated setup.py egg_info --egg-base ../../build/advanced_perception build --build-base /home/user/ros2_ws/build/advanced_perception/build install --record /home/user/ros2_ws/build/advanced_perception/install.log --single-version-externally-managed install_data
