[3.204s] Invoking command in '/home/user/ros2_ws/src/advanced_perception': PYTHONPATH=/home/user/ros2_ws/build/advanced_perception/prefix_override:/home/user/ros2_ws/install/advanced_perception/lib/python3.10/site-packages:${PYTHONPATH} _=/usr/bin/env /usr/bin/python3 -W ignore:setup.py install is deprecated setup.py egg_info --egg-base ../../build/advanced_perception build --build-base /home/user/ros2_ws/build/advanced_perception/build install --record /home/user/ros2_ws/build/advanced_perception/install.log --single-version-externally-managed install_data
[4.382s] running egg_info
[4.383s] writing ../../build/advanced_perception/advanced_perception.egg-info/PKG-INFO
[4.383s] writing dependency_links to ../../build/advanced_perception/advanced_perception.egg-info/dependency_links.txt
[4.383s] writing entry points to ../../build/advanced_perception/advanced_perception.egg-info/entry_points.txt
[4.383s] writing requirements to ../../build/advanced_perception/advanced_perception.egg-info/requires.txt
[4.384s] writing top-level names to ../../build/advanced_perception/advanced_perception.egg-info/top_level.txt
[4.388s] reading manifest file '../../build/advanced_perception/advanced_perception.egg-info/SOURCES.txt'
[4.391s] writing manifest file '../../build/advanced_perception/advanced_perception.egg-info/SOURCES.txt'
[4.391s] running build
[4.391s] running build_py
[4.392s] running install
[4.393s] running install_lib
[4.395s] running install_data
[4.395s] running install_egg_info
[4.397s] removing '/home/user/ros2_ws/install/advanced_perception/lib/python3.10/site-packages/advanced_perception-0.0.0-py3.10.egg-info' (and everything under it)
[4.398s] Copying ../../build/advanced_perception/advanced_perception.egg-info to /home/user/ros2_ws/install/advanced_perception/lib/python3.10/site-packages/advanced_perception-0.0.0-py3.10.egg-info
[4.403s] running install_scripts
[4.501s] Installing yolo_pose_estimation_node script to /home/user/ros2_ws/install/advanced_perception/lib/advanced_perception
[4.501s] writing list of installed files to '/home/user/ros2_ws/build/advanced_perception/install.log'
[4.606s] Invoked command in '/home/user/ros2_ws/src/advanced_perception' returned '0': PYTHONPATH=/home/user/ros2_ws/build/advanced_perception/prefix_override:/home/user/ros2_ws/install/advanced_perception/lib/python3.10/site-packages:${PYTHONPATH} _=/usr/bin/env /usr/bin/python3 -W ignore:setup.py install is deprecated setup.py egg_info --egg-base ../../build/advanced_perception build --build-base /home/user/ros2_ws/build/advanced_perception/build install --record /home/user/ros2_ws/build/advanced_perception/install.log --single-version-externally-managed install_data
